2025-10-08T08:56:55+00:00 INFO 68e6274b8031a-0001 API REQUEST (68e627577872d): GET https://public-api.wordpress.com/wpcom/v2/wcpay/woopay/compatibility?test_mode=1 CONTEXT: {"WP_USER":"Guest (non logged-in user)","HTTP_REFERER":"--","HTTP_USER_AGENT":"WordPress/6.8.3; http://localhost/techwatt","REQUEST_URI":"/techwatt/wp-cron.php?doing_wp_cron=1759913800.7737519741058349609375","DOING_AJAX":"","DOING_CRON":"1","WP_CLI":"","WOOPAYMENTS_MODE":"test","request":{"url":"https://public-api.wordpress.com/wpcom/v2/wcpay/woopay/compatibility?test_mode=1","method":"GET","headers":{"Content-Type":"application/json; charset=utf-8","User-Agent":"WooCommerce Payments/10.0.0","X-Request-Initiated":1759913815.493354},"timeout":70,"connect_timeout":70},"0":[]}
2025-10-08T08:56:55+00:00 ERROR 68e6274b8031a-0002 HTTP_REQUEST_ERROR Site is not connected to WordPress.com CONTEXT: {"WP_USER":"Guest (non logged-in user)","HTTP_REFERER":"--","HTTP_USER_AGENT":"WordPress/6.8.3; http://localhost/techwatt","REQUEST_URI":"/techwatt/wp-cron.php?doing_wp_cron=1759913800.7737519741058349609375","DOING_AJAX":"","DOING_CRON":"1","WP_CLI":"","WOOPAYMENTS_MODE":"test"}
2025-10-08T08:56:55+00:00 ERROR 68e6274b8031a-0003 Failed to decode WooPay incompatible extensions list. WCPay\Exceptions\API_Exception: Site is not connected to WordPress.com in C:\xampp\htdocs\techwatt\wp-content\plugins\woocommerce-payments\includes\wc-payment-api\class-wc-payments-http.php:61
Stack trace:
#0 C:\xampp\htdocs\techwatt\wp-content\plugins\woocommerce-payments\includes\wc-payment-api\class-wc-payments-api-client.php(2558): WC_Payments_Http->remote_request(Array, NULL, false, false)
#1 C:\xampp\htdocs\techwatt\wp-content\plugins\woocommerce-payments\includes\wc-payment-api\class-wc-payments-api-client.php(2439): WC_Payments_API_Client->request(Array, 'woopay/compatib...', 'GET', false)
#2 C:\xampp\htdocs\techwatt\wp-content\plugins\woocommerce-payments\includes\woopay\class-woopay-scheduler.php(85): WC_Payments_API_Client->get_woopay_compatibility()
#3 C:\xampp\htdocs\techwatt\wp-includes\class-wp-hook.php(324): WCPay\WooPay\WooPay_Scheduler->update_compatibility_and_maybe_show_incompatibility_warning()
#4 C:\xampp\htdocs\techwatt\wp-includes\class-wp-hook.php(348): WP_Hook->apply_filters('', Array)
#5 C:\xampp\htdocs\techwatt\wp-includes\plugin.php(565): WP_Hook->do_action(Array)
#6 C:\xampp\htdocs\techwatt\wp-cron.php(191): do_action_ref_array('validate_woopay...', Array)
#7 {main} CONTEXT: {"WP_USER":"Guest (non logged-in user)","HTTP_REFERER":"--","HTTP_USER_AGENT":"WordPress/6.8.3; http://localhost/techwatt","REQUEST_URI":"/techwatt/wp-cron.php?doing_wp_cron=1759913800.7737519741058349609375","DOING_AJAX":"","DOING_CRON":"1","WP_CLI":"","WOOPAYMENTS_MODE":"test"}
2025-10-08T08:57:26+00:00 INFO 68e62775ac7ed-0001 API REQUEST (68e6277693edd): GET https://public-api.wordpress.com/wpcom/v2/wcpay/woopay/compatibility?test_mode=1 CONTEXT: {"WP_USER":"Guest (non logged-in user)","HTTP_REFERER":"--","HTTP_USER_AGENT":"WordPress/6.8.3; http://localhost/techwatt","REQUEST_URI":"/techwatt/wp-cron.php?doing_wp_cron=1759913844.7225110530853271484375","DOING_AJAX":"","DOING_CRON":"1","WP_CLI":"","WOOPAYMENTS_MODE":"test","request":{"url":"https://public-api.wordpress.com/wpcom/v2/wcpay/woopay/compatibility?test_mode=1","method":"GET","headers":{"Content-Type":"application/json; charset=utf-8","User-Agent":"WooCommerce Payments/10.0.0","X-Request-Initiated":1759913846.605914},"timeout":70,"connect_timeout":70},"0":[]}
2025-10-08T08:57:26+00:00 ERROR 68e62775ac7ed-0002 HTTP_REQUEST_ERROR Site is not connected to WordPress.com CONTEXT: {"WP_USER":"Guest (non logged-in user)","HTTP_REFERER":"--","HTTP_USER_AGENT":"WordPress/6.8.3; http://localhost/techwatt","REQUEST_URI":"/techwatt/wp-cron.php?doing_wp_cron=1759913844.7225110530853271484375","DOING_AJAX":"","DOING_CRON":"1","WP_CLI":"","WOOPAYMENTS_MODE":"test"}
2025-10-08T08:57:26+00:00 ERROR 68e62775ac7ed-0003 Failed to decode WooPay incompatible extensions list. WCPay\Exceptions\API_Exception: Site is not connected to WordPress.com in C:\xampp\htdocs\techwatt\wp-content\plugins\woocommerce-payments\includes\wc-payment-api\class-wc-payments-http.php:61
Stack trace:
#0 C:\xampp\htdocs\techwatt\wp-content\plugins\woocommerce-payments\includes\wc-payment-api\class-wc-payments-api-client.php(2558): WC_Payments_Http->remote_request(Array, NULL, false, false)
#1 C:\xampp\htdocs\techwatt\wp-content\plugins\woocommerce-payments\includes\wc-payment-api\class-wc-payments-api-client.php(2439): WC_Payments_API_Client->request(Array, 'woopay/compatib...', 'GET', false)
#2 C:\xampp\htdocs\techwatt\wp-content\plugins\woocommerce-payments\includes\woopay\class-woopay-scheduler.php(85): WC_Payments_API_Client->get_woopay_compatibility()
#3 C:\xampp\htdocs\techwatt\wp-includes\class-wp-hook.php(324): WCPay\WooPay\WooPay_Scheduler->update_compatibility_and_maybe_show_incompatibility_warning()
#4 C:\xampp\htdocs\techwatt\wp-includes\class-wp-hook.php(348): WP_Hook->apply_filters('', Array)
#5 C:\xampp\htdocs\techwatt\wp-includes\plugin.php(565): WP_Hook->do_action(Array)
#6 C:\xampp\htdocs\techwatt\wp-cron.php(191): do_action_ref_array('validate_woopay...', Array)
#7 {main} CONTEXT: {"WP_USER":"Guest (non logged-in user)","HTTP_REFERER":"--","HTTP_USER_AGENT":"WordPress/6.8.3; http://localhost/techwatt","REQUEST_URI":"/techwatt/wp-cron.php?doing_wp_cron=1759913844.7225110530853271484375","DOING_AJAX":"","DOING_CRON":"1","WP_CLI":"","WOOPAYMENTS_MODE":"test"}
